mktextfm Ubuntu
mktextfm Ubuntu
mktextfm Ubuntu
mktextfm Ubuntu/BI
mktextfm Ubuntu
mktextfm Ubuntu/B
mktextfm Ubuntu
mktextfm Ubuntu/I
mktextfm Ubuntu
mktextfm Ubuntu
mktextfm Ubuntu
mktextfm Ubuntu
mktextfm Ubuntu
mktextfm Ubuntu
mktextfm Ubuntu
mktextfm Ubuntu
mktextfm Ubuntu
mktextfm Ubuntu
mktextfm Ubuntu
mktextfm Ubuntu
mktextfm Ubuntu
mktextfm Ubuntu
mktextfm Ubuntu
mktextfm AlegreyaSans
mktextfm AlegreyaSans
mktextfm AlegreyaSans
mktextfm AlegreyaSans/BI
mktextfm AlegreyaSans
mktextfm AlegreyaSans/B
mktextfm AlegreyaSans
mktextfm AlegreyaSans/I
mktextfm AlegreyaSans
mktextfm AlegreyaSans
mktextfm AlegreyaSans
mktextfm AlegreyaSans
mktextfm AlegreyaSans
mktextfm AlegreyaSans/BI
mktextfm AlegreyaSans
mktextfm AlegreyaSans/B
mktextfm AlegreyaSans
mktextfm AlegreyaSans/I
mktextfm AlegreyaSans
mktextfm AlegreyaSans
mktextfm AlegreyaSans
mktextfm AlegreyaSans
mktextfm AlegreyaSans
mktextfm AlegreyaSans/BI
mktextfm AlegreyaSans
mktextfm AlegreyaSans/B
mktextfm AlegreyaSans
mktextfm AlegreyaSans/I
mktextfm AlegreyaSans
mktextfm AlegreyaSans
mktextfm Alegreya
mktextfm Alegreya
mktextfm Alegreya
mktextfm Alegreya/BI
mktextfm Alegreya
mktextfm Alegreya/B
mktextfm Alegreya
mktextfm Alegreya/I
mktextfm Alegreya
mktextfm Alegreya
mktextfm QTFraktur
mktextfm QTFraktur
mktextfm QTFraktur
mktextfm QTFraktur/BI
mktextfm QTFraktur
mktextfm QTFraktur/B
mktextfm QTFraktur
mktextfm QTFraktur/I
mktextfm QTFraktur
mktextfm QTFraktur
mktextfm QTFraktur
mktextfm QTFraktur
mktextfm QTFraktur
mktextfm QTFraktur
mktextfm QTFraktur
mktextfm QTFraktur
mktextfm QTFraktur
mktextfm QTFraktur
mktextfm QTFraktur
mktextfm QTFraktur
mktextfm QTFraktur
mktextfm QTFraktur
mktextfm QTFraktur
mktextfm QTFraktur
mktextfm QTFraktur
