mktextfm alegreyamedium
mktextfm alegreyamedium
mktextfm alegreyamedium
mktextfm alegreyamedium/BI
mktextfm alegreyamedium
mktextfm alegreyamedium/B
mktextfm alegreyamedium
mktextfm alegreyamedium/I
mktextfm alegreyamedium
mktextfm alegreyamedium
mktextfm alegreya
mktextfm alegreya
mktextfm alegreya
mktextfm alegreya/BI
mktextfm alegreya
mktextfm alegreya/B
mktextfm alegreya
mktextfm alegreya/I
mktextfm alegreya
mktextfm alegreya
mktextfm alegreyanormal
mktextfm alegreyanormal
mktextfm alegreyanormal
mktextfm alegreyanormal/BI
mktextfm alegreyanormal
mktextfm alegreyanormal/B
mktextfm alegreyanormal
mktextfm alegreyanormal/I
mktextfm alegreyanormal
mktextfm alegreyanormal
mktextfm alegreyanormal
mktextfm alegreyanormal
mktextfm alegreyanormal
mktextfm alegreyanormal/BI
mktextfm alegreyanormal
mktextfm alegreyanormal/B
mktextfm alegreyanormal
mktextfm alegreyanormal/I
mktextfm alegreyanormal
mktextfm alegreyanormal
mktextfm alegreyanormal
mktextfm firamononormal
mktextfm firamononormal
mktextfm firamononormal
mktextfm firamononormal/BI
mktextfm firamononormal
mktextfm firamononormal/B
mktextfm firamononormal
mktextfm firamononormal/I
mktextfm firamononormal
mktextfm firamononormal
mktextfm firamononormal
mktextfm firamonooblique
mktextfm firamonooblique
mktextfm firamonooblique
mktextfm firamonooblique/BI
mktextfm firamonooblique
mktextfm firamonooblique/B
mktextfm firamonooblique
mktextfm firamonooblique/I
mktextfm firamonooblique
mktextfm firamonooblique
mktextfm firamonooblique
