This is pdfTeX, Version 3.14159265-2.6-1.40.21 (TeX Live 2020/Arch Linux) (preloaded format=pdflatex 2020.11.30)  1 DEC 2020 18:00
entering extended mode
 restricted \write18 enabled.
 file:line:error style messages enabled.
 %&-line parsing enabled.
**eng.tex
(./eng.tex
LaTeX2e <2020-02-02> patch level 5
L3 programming layer <2020-06-03> (/usr/share/texmf-dist/tex/latex/base/book.cls
Document Class: book 2019/12/20 v1.4l Standard LaTeX document class
(/usr/share/texmf-dist/tex/latex/base/bk11.clo
File: bk11.clo 2019/12/20 v1.4l Standard LaTeX file (size option)
)
\c@part=\count167
\c@chapter=\count168
\c@section=\count169
\c@subsection=\count170
\c@subsubsection=\count171
\c@paragraph=\count172
\c@subparagraph=\count173
\c@figure=\count174
\c@table=\count175
\abovecaptionskip=\skip47
\belowcaptionskip=\skip48
\bibindent=\dimen134
) (/usr/share/texmf-dist/tex/latex/base/inputenc.sty
Package: inputenc 2018/08/11 v1.3c Input encoding file
\inpenc@prehook=\toks15
\inpenc@posthook=\toks16
) (/usr/share/texmf-dist/tex/generic/babel/babel.sty
Package: babel 2020/05/13 3.44 The Babel package
 (/usr/share/texmf-dist/tex/generic/babel/babel.def
File: babel.def 2020/05/13 3.44 Babel common definitions
\babel@savecnt=\count176
\U@D=\dimen135
\l@babelnohyphens=\language86
 (/usr/share/texmf-dist/tex/generic/babel/txtbabel.def)
\bbl@readstream=\read2
)
\bbl@dirlevel=\count177
 (/usr/share/texmf-dist/tex/generic/babel-russian/russianb.ldf
Language: russian 2017/08/12 1.3j Russian support for the Babel system


Package babel Warning: No Cyrillic font encoding has been loaded so far.
(babel)                A font encoding should be declared before babel.
(babel)                Default `T2A' encoding will be loaded  on input line 74.

(/usr/share/texmf-dist/tex/latex/cyrillic/t2aenc.def
File: t2aenc.def 2005/09/27 v1.0i Cyrillic encoding definition file
Now handling font encoding T2A ...
... processing UTF-8 mapping file for font encoding T2A
 (/usr/share/texmf-dist/tex/latex/base/t2aenc.dfu
File: t2aenc.dfu 2019/11/14 v1.2k UTF-8 support for inputenc
   defining Unicode char U+00A4 (decimal 164)
   defining Unicode char U+00A7 (decimal 167)
   defining Unicode char U+00AB (decimal 171)
   defining Unicode char U+00BB (decimal 187)
   defining Unicode char U+0131 (decimal 305)
   defining Unicode char U+0237 (decimal 567)
   defining Unicode char U+0400 (decimal 1024)
   defining Unicode char U+0401 (decimal 1025)
   defining Unicode char U+0402 (decimal 1026)
   defining Unicode char U+0403 (decimal 1027)
   defining Unicode char U+0404 (decimal 1028)
   defining Unicode char U+0405 (decimal 1029)
   defining Unicode char U+0406 (decimal 1030)
   defining Unicode char U+0407 (decimal 1031)
   defining Unicode char U+0408 (decimal 1032)
   defining Unicode char U+0409 (decimal 1033)
   defining Unicode char U+040A (decimal 1034)
   defining Unicode char U+040B (decimal 1035)
   defining Unicode char U+040C (decimal 1036)
   defining Unicode char U+040D (decimal 1037)
   defining Unicode char U+040E (decimal 1038)
   defining Unicode char U+040F (decimal 1039)
   defining Unicode char U+0410 (decimal 1040)
   defining Unicode char U+0411 (decimal 1041)
   defining Unicode char U+0412 (decimal 1042)
   defining Unicode char U+0413 (decimal 1043)
   defining Unicode char U+0414 (decimal 1044)
   defining Unicode char U+0415 (decimal 1045)
   defining Unicode char U+0416 (decimal 1046)
   defining Unicode char U+0417 (decimal 1047)
   defining Unicode char U+0418 (decimal 1048)
   defining Unicode char U+0419 (decimal 1049)
   defining Unicode char U+041A (decimal 1050)
   defining Unicode char U+041B (decimal 1051)
   defining Unicode char U+041C (decimal 1052)
   defining Unicode char U+041D (decimal 1053)
   defining Unicode char U+041E (decimal 1054)
   defining Unicode char U+041F (decimal 1055)
   defining Unicode char U+0420 (decimal 1056)
   defining Unicode char U+0421 (decimal 1057)
   defining Unicode char U+0422 (decimal 1058)
   defining Unicode char U+0423 (decimal 1059)
   defining Unicode char U+0424 (decimal 1060)
   defining Unicode char U+0425 (decimal 1061)
   defining Unicode char U+0426 (decimal 1062)
   defining Unicode char U+0427 (decimal 1063)
   defining Unicode char U+0428 (decimal 1064)
   defining Unicode char U+0429 (decimal 1065)
   defining Unicode char U+042A (decimal 1066)
   defining Unicode char U+042B (decimal 1067)
   defining Unicode char U+042C (decimal 1068)
   defining Unicode char U+042D (decimal 1069)
   defining Unicode char U+042E (decimal 1070)
   defining Unicode char U+042F (decimal 1071)
   defining Unicode char U+0430 (decimal 1072)
   defining Unicode char U+0431 (decimal 1073)
   defining Unicode char U+0432 (decimal 1074)
   defining Unicode char U+0433 (decimal 1075)
   defining Unicode char U+0434 (decimal 1076)
   defining Unicode char U+0435 (decimal 1077)
   defining Unicode char U+0436 (decimal 1078)
   defining Unicode char U+0437 (decimal 1079)
   defining Unicode char U+0438 (decimal 1080)
   defining Unicode char U+0439 (decimal 1081)
   defining Unicode char U+043A (decimal 1082)
   defining Unicode char U+043B (decimal 1083)
   defining Unicode char U+043C (decimal 1084)
   defining Unicode char U+043D (decimal 1085)
   defining Unicode char U+043E (decimal 1086)
   defining Unicode char U+043F (decimal 1087)
   defining Unicode char U+0440 (decimal 1088)
   defining Unicode char U+0441 (decimal 1089)
   defining Unicode char U+0442 (decimal 1090)
   defining Unicode char U+0443 (decimal 1091)
   defining Unicode char U+0444 (decimal 1092)
   defining Unicode char U+0445 (decimal 1093)
   defining Unicode char U+0446 (decimal 1094)
   defining Unicode char U+0447 (decimal 1095)
   defining Unicode char U+0448 (decimal 1096)
   defining Unicode char U+0449 (decimal 1097)
   defining Unicode char U+044A (decimal 1098)
   defining Unicode char U+044B (decimal 1099)
   defining Unicode char U+044C (decimal 1100)
   defining Unicode char U+044D (decimal 1101)
   defining Unicode char U+044E (decimal 1102)
   defining Unicode char U+044F (decimal 1103)
   defining Unicode char U+0450 (decimal 1104)
   defining Unicode char U+0451 (decimal 1105)
   defining Unicode char U+0452 (decimal 1106)
   defining Unicode char U+0453 (decimal 1107)
   defining Unicode char U+0454 (decimal 1108)
   defining Unicode char U+0455 (decimal 1109)
   defining Unicode char U+0456 (decimal 1110)
   defining Unicode char U+0457 (decimal 1111)
   defining Unicode char U+0458 (decimal 1112)
   defining Unicode char U+0459 (decimal 1113)
   defining Unicode char U+045A (decimal 1114)
   defining Unicode char U+045B (decimal 1115)
   defining Unicode char U+045C (decimal 1116)
   defining Unicode char U+045D (decimal 1117)
   defining Unicode char U+045E (decimal 1118)
   defining Unicode char U+045F (decimal 1119)
   defining Unicode char U+0490 (decimal 1168)
   defining Unicode char U+0491 (decimal 1169)
   defining Unicode char U+0492 (decimal 1170)
   defining Unicode char U+0493 (decimal 1171)
   defining Unicode char U+0496 (decimal 1174)
   defining Unicode char U+0497 (decimal 1175)
   defining Unicode char U+0498 (decimal 1176)
   defining Unicode char U+0499 (decimal 1177)
   defining Unicode char U+049A (decimal 1178)
   defining Unicode char U+049B (decimal 1179)
   defining Unicode char U+049C (decimal 1180)
   defining Unicode char U+049D (decimal 1181)
   defining Unicode char U+04A0 (decimal 1184)
   defining Unicode char U+04A1 (decimal 1185)
   defining Unicode char U+04A2 (decimal 1186)
   defining Unicode char U+04A3 (decimal 1187)
   defining Unicode char U+04A4 (decimal 1188)
   defining Unicode char U+04A5 (decimal 1189)
   defining Unicode char U+04AA (decimal 1194)
   defining Unicode char U+04AB (decimal 1195)
   defining Unicode char U+04AE (decimal 1198)
   defining Unicode char U+04AF (decimal 1199)
   defining Unicode char U+04B0 (decimal 1200)
   defining Unicode char U+04B1 (decimal 1201)
   defining Unicode char U+04B2 (decimal 1202)
   defining Unicode char U+04B3 (decimal 1203)
   defining Unicode char U+04B6 (decimal 1206)
   defining Unicode char U+04B7 (decimal 1207)
   defining Unicode char U+04B8 (decimal 1208)
   defining Unicode char U+04B9 (decimal 1209)
   defining Unicode char U+04BA (decimal 1210)
   defining Unicode char U+04BB (decimal 1211)
   defining Unicode char U+04C0 (decimal 1216)
   defining Unicode char U+04C1 (decimal 1217)
   defining Unicode char U+04C2 (decimal 1218)
   defining Unicode char U+04D0 (decimal 1232)
   defining Unicode char U+04D1 (decimal 1233)
   defining Unicode char U+04D2 (decimal 1234)
   defining Unicode char U+04D3 (decimal 1235)
   defining Unicode char U+04D4 (decimal 1236)
   defining Unicode char U+04D5 (decimal 1237)
   defining Unicode char U+04D6 (decimal 1238)
   defining Unicode char U+04D7 (decimal 1239)
   defining Unicode char U+04D8 (decimal 1240)
   defining Unicode char U+04D9 (decimal 1241)
   defining Unicode char U+04DA (decimal 1242)
   defining Unicode char U+04DB (decimal 1243)
   defining Unicode char U+04DC (decimal 1244)
   defining Unicode char U+04DD (decimal 1245)
   defining Unicode char U+04DE (decimal 1246)
   defining Unicode char U+04DF (decimal 1247)
   defining Unicode char U+04E2 (decimal 1250)
   defining Unicode char U+04E3 (decimal 1251)
   defining Unicode char U+04E4 (decimal 1252)
   defining Unicode char U+04E5 (decimal 1253)
   defining Unicode char U+04E6 (decimal 1254)
   defining Unicode char U+04E7 (decimal 1255)
   defining Unicode char U+04E8 (decimal 1256)
   defining Unicode char U+04E9 (decimal 1257)
   defining Unicode char U+04EC (decimal 1260)
   defining Unicode char U+04ED (decimal 1261)
   defining Unicode char U+04EE (decimal 1262)
   defining Unicode char U+04EF (decimal 1263)
   defining Unicode char U+04F0 (decimal 1264)
   defining Unicode char U+04F1 (decimal 1265)
   defining Unicode char U+04F2 (decimal 1266)
   defining Unicode char U+04F3 (decimal 1267)
   defining Unicode char U+04F4 (decimal 1268)
   defining Unicode char U+04F5 (decimal 1269)
   defining Unicode char U+04F8 (decimal 1272)
   defining Unicode char U+04F9 (decimal 1273)
   defining Unicode char U+200C (decimal 8204)
   defining Unicode char U+2013 (decimal 8211)
   defining Unicode char U+2014 (decimal 8212)
   defining Unicode char U+2018 (decimal 8216)
   defining Unicode char U+2019 (decimal 8217)
   defining Unicode char U+201C (decimal 8220)
   defining Unicode char U+201D (decimal 8221)
   defining Unicode char U+201E (decimal 8222)
   defining Unicode char U+2030 (decimal 8240)
   defining Unicode char U+2031 (decimal 8241)
   defining Unicode char U+2116 (decimal 8470)
   defining Unicode char U+2329 (decimal 9001)
   defining Unicode char U+232A (decimal 9002)
   defining Unicode char U+2423 (decimal 9251)
   defining Unicode char U+27E8 (decimal 10216)
   defining Unicode char U+27E9 (decimal 10217)
   defining Unicode char U+FB00 (decimal 64256)
   defining Unicode char U+FB01 (decimal 64257)
   defining Unicode char U+FB02 (decimal 64258)
   defining Unicode char U+FB03 (decimal 64259)
   defining Unicode char U+FB04 (decimal 64260)
   defining Unicode char U+FB05 (decimal 64261)
   defining Unicode char U+FB06 (decimal 64262)
))
Package babel Info: Making " an active character on input line 120.
Package babel Info: Default for \cyrdash is provided on input line 157.
)) (/usr/share/texmf-dist/tex/latex/tools/longtable.sty
Package: longtable 2020/01/07 v4.13 Multi-page Table package (DPC)
\LTleft=\skip49
\LTright=\skip50
\LTpre=\skip51
\LTpost=\skip52
\LTchunksize=\count178
\LTcapwidth=\dimen136
\LT@head=\box45
\LT@firsthead=\box46
\LT@foot=\box47
\LT@lastfoot=\box48
\LT@cols=\count179
\LT@rows=\count180
\c@LT@tables=\count181
\c@LT@chunks=\count182
\LT@p@ftn=\toks17
) (/usr/share/texmf-dist/tex/latex/mdframed/mdframed.sty
Package: mdframed 2013/07/01 1.9b: mdframed
 (/usr/share/texmf-dist/tex/latex/kvoptions/kvoptions.sty
Package: kvoptions 2019/11/29 v3.13 Key value format for package options (HO)
 (/usr/share/texmf-dist/tex/latex/graphics/keyval.sty
Package: keyval 2014/10/28 v1.15 key=value parser (DPC)
\KV@toks@=\toks18
) (/usr/share/texmf-dist/tex/generic/ltxcmds/ltxcmds.sty
Package: ltxcmds 2019/12/15 v1.24 LaTeX kernel commands for general use (HO)
) (/usr/share/texmf-dist/tex/generic/kvsetkeys/kvsetkeys.sty
Package: kvsetkeys 2019/12/15 v1.18 Key value parser (HO)
)) (/usr/share/texmf-dist/tex/latex/l3packages/xparse/xparse.sty (/usr/share/texmf-dist/tex/latex/l3kernel/expl3.sty
Package: expl3 2020-06-03 L3 programming layer (loader) 
 (/usr/share/texmf-dist/tex/latex/l3backend/l3backend-pdfmode.def
File: l3backend-pdfmode.def 2020-06-03 L3 backend support: PDF mode
\l__kernel_color_stack_int=\count183
\l__pdf_internal_box=\box49
))
Package: xparse 2020-05-15 L3 Experimental document command parser
 (/usr/share/texmf-dist/tex/latex/l3packages/xparse/xparse-generic.tex
\l__xparse_current_arg_int=\count184
\g__xparse_grabber_int=\count185
\l__xparse_m_args_int=\count186
\l__xparse_v_nesting_int=\count187
)) (/usr/share/texmf-dist/tex/latex/etoolbox/etoolbox.sty
Package: etoolbox 2019/09/21 v2.5h e-TeX tools for LaTeX (JAW)
\etb@tempcnta=\count188
) (/usr/share/texmf-dist/tex/latex/zref/zref-abspage.sty
Package: zref-abspage 2020-05-28 v2.31 Module abspage for zref (HO)
 (/usr/share/texmf-dist/tex/latex/zref/zref-base.sty
Package: zref-base 2020-05-28 v2.31 Module base for zref (HO)
 (/usr/share/texmf-dist/tex/generic/infwarerr/infwarerr.sty
Package: infwarerr 2019/12/03 v1.5 Providing info/warning/error messages (HO)
) (/usr/share/texmf-dist/tex/generic/kvdefinekeys/kvdefinekeys.sty
Package: kvdefinekeys 2019-12-19 v1.6 Define keys (HO)
) (/usr/share/texmf-dist/tex/latex/pdftexcmds/pdftexcmds.sty
Package: pdftexcmds 2020-06-04 v0.32 Utility functions of pdfTeX for LuaTeX (HO)
 (/usr/share/texmf-dist/tex/generic/iftex/iftex.sty
Package: iftex 2020/03/06 v1.0d TeX engine tests
)
Package pdftexcmds Info: \pdf@primitive is available.
Package pdftexcmds Info: \pdf@ifprimitive is available.
Package pdftexcmds Info: \pdfdraftmode found.
) (/usr/share/texmf-dist/tex/generic/etexcmds/etexcmds.sty
Package: etexcmds 2019/12/15 v1.7 Avoid name clashes with e-TeX commands (HO)
) (/usr/share/texmf-dist/tex/latex/auxhook/auxhook.sty
Package: auxhook 2019-12-17 v1.6 Hooks for auxiliary files (HO)
)
Package zref Info: New property list: main on input line 763.
Package zref Info: New property: default on input line 764.
Package zref Info: New property: page on input line 765.
) (/usr/share/texmf-dist/tex/generic/atbegshi/atbegshi.sty
Package: atbegshi 2019/12/05 v1.19 At begin shipout hook (HO)
)
\c@abspage=\count189
Package zref Info: New property: abspage on input line 66.
) (/usr/share/texmf-dist/tex/latex/needspace/needspace.sty
Package: needspace 2010/09/12 v1.3d reserve vertical space
) (/usr/share/texmf-dist/tex/latex/graphics/color.sty
Package: color 2019/11/23 v1.2a Standard LaTeX Color (DPC)
 (/usr/share/texmf-dist/tex/latex/graphics-cfg/color.cfg
File: color.cfg 2016/01/02 v1.6 sample color configuration
)
Package color Info: Driver file: pdftex.def on input line 147.
 (/usr/share/texmf-dist/tex/latex/graphics-def/pdftex.def
File: pdftex.def 2018/01/08 v1.0l Graphics/color driver for pdftex
))
\mdf@templength=\skip53
\c@mdf@globalstyle@cnt=\count190
\mdf@skipabove@length=\skip54
\mdf@skipbelow@length=\skip55
\mdf@leftmargin@length=\skip56
\mdf@rightmargin@length=\skip57
\mdf@innerleftmargin@length=\skip58
\mdf@innerrightmargin@length=\skip59
\mdf@innertopmargin@length=\skip60
\mdf@innerbottommargin@length=\skip61
\mdf@splittopskip@length=\skip62
\mdf@splitbottomskip@length=\skip63
\mdf@outermargin@length=\skip64
\mdf@innermargin@length=\skip65
\mdf@linewidth@length=\skip66
\mdf@innerlinewidth@length=\skip67
\mdf@middlelinewidth@length=\skip68
\mdf@outerlinewidth@length=\skip69
\mdf@roundcorner@length=\skip70
\mdf@footenotedistance@length=\skip71
\mdf@userdefinedwidth@length=\skip72
\mdf@needspace@length=\skip73
\mdf@frametitleaboveskip@length=\skip74
\mdf@frametitlebelowskip@length=\skip75
\mdf@frametitlerulewidth@length=\skip76
\mdf@frametitleleftmargin@length=\skip77
\mdf@frametitlerightmargin@length=\skip78
\mdf@shadowsize@length=\skip79
\mdf@extratopheight@length=\skip80
\mdf@subtitleabovelinewidth@length=\skip81
\mdf@subtitlebelowlinewidth@length=\skip82
\mdf@subtitleaboveskip@length=\skip83
\mdf@subtitlebelowskip@length=\skip84
\mdf@subtitleinneraboveskip@length=\skip85
\mdf@subtitleinnerbelowskip@length=\skip86
\mdf@subsubtitleabovelinewidth@length=\skip87
\mdf@subsubtitlebelowlinewidth@length=\skip88
\mdf@subsubtitleaboveskip@length=\skip89
\mdf@subsubtitlebelowskip@length=\skip90
\mdf@subsubtitleinneraboveskip@length=\skip91
\mdf@subsubtitleinnerbelowskip@length=\skip92
 (/usr/share/texmf-dist/tex/latex/mdframed/md-frame-0.mdf
File: md-frame-0.mdf 2013/07/01\ 1.9b: md-frame-0
)
\mdf@frametitlebox=\box50
\mdf@footnotebox=\box51
\mdf@splitbox@one=\box52
\mdf@splitbox@two=\box53
\mdf@splitbox@save=\box54
\mdfsplitboxwidth=\skip93
\mdfsplitboxtotalwidth=\skip94
\mdfsplitboxheight=\skip95
\mdfsplitboxdepth=\skip96
\mdfsplitboxtotalheight=\skip97
\mdfframetitleboxwidth=\skip98
\mdfframetitleboxtotalwidth=\skip99
\mdfframetitleboxheight=\skip100
\mdfframetitleboxdepth=\skip101
\mdfframetitleboxtotalheight=\skip102
\mdffootnoteboxwidth=\skip103
\mdffootnoteboxtotalwidth=\skip104
\mdffootnoteboxheight=\skip105
\mdffootnoteboxdepth=\skip106
\mdffootnoteboxtotalheight=\skip107
\mdftotallinewidth=\skip108
\mdfboundingboxwidth=\skip109
\mdfboundingboxtotalwidth=\skip110
\mdfboundingboxheight=\skip111
\mdfboundingboxdepth=\skip112
\mdfboundingboxtotalheight=\skip113
\mdf@freevspace@length=\skip114
\mdf@horizontalwidthofbox@length=\skip115
\mdf@verticalmarginwhole@length=\skip116
\mdf@horizontalspaceofbox=\skip117
\mdfsubtitleheight=\skip118
\mdfsubsubtitleheight=\skip119
\c@mdfcountframes=\count191

****** mdframed patching \endmdf@trivlist

****** -- success******

\mdf@envdepth=\count192
\c@mdf@env@i=\count193
\c@mdf@env@ii=\count194
\c@mdf@zref@counter=\count195
Package zref Info: New property: mdf@pagevalue on input line 895.
) (/usr/share/texmf-dist/tex/latex/comment/comment.sty
\CommentStream=\write3
 Excluding comment 'comment') (/usr/share/texmf-dist/tex/latex/graphics/graphicx.sty
Package: graphicx 2019/11/30 v1.2a Enhanced LaTeX Graphics (DPC,SPQR)
 (/usr/share/texmf-dist/tex/latex/graphics/graphics.sty
Package: graphics 2019/11/30 v1.4a Standard LaTeX Graphics (DPC,SPQR)
 (/usr/share/texmf-dist/tex/latex/graphics/trig.sty
Package: trig 2016/01/03 v1.10 sin cos tan (DPC)
) (/usr/share/texmf-dist/tex/latex/graphics-cfg/graphics.cfg
File: graphics.cfg 2016/06/04 v1.11 sample graphics configuration
)
Package graphics Info: Driver file: pdftex.def on input line 105.
)
\Gin@req@height=\dimen137
\Gin@req@width=\dimen138
) (/usr/share/texmf-dist/tex/latex/tools/array.sty
Package: array 2019/08/31 v2.4l Tabular extension package (FMi)
\col@sep=\dimen139
\ar@mcellbox=\box55
\extrarowheight=\dimen140
\NC@list=\toks19
\extratabsurround=\skip120
\backup@length=\skip121
\ar@cellbox=\box56
) (/usr/share/texmf-dist/tex/latex/booktabs/booktabs.sty
Package: booktabs 2020/01/12 v1.61803398 Publication quality tables
\heavyrulewidth=\dimen141
\lightrulewidth=\dimen142
\cmidrulewidth=\dimen143
\belowrulesep=\dimen144
\belowbottomsep=\dimen145
\aboverulesep=\dimen146
\abovetopsep=\dimen147
\cmidrulesep=\dimen148
\cmidrulekern=\dimen149
\defaultaddspace=\dimen150
\@cmidla=\count196
\@cmidlb=\count197
\@aboverulesep=\dimen151
\@belowrulesep=\dimen152
\@thisruleclass=\count198
\@lastruleclass=\count199
\@thisrulewidth=\dimen153
)
(/usr/share/texmf-dist/tex/latex/tools/calc.sty
Package: calc 2017/05/25 v4.3 Infix arithmetic (KKT,FJ)
\calc@Acount=\count266
\calc@Bcount=\count267
\calc@Adimen=\dimen154
\calc@Bdimen=\dimen155
\calc@Askip=\skip122
\calc@Bskip=\skip123
LaTeX Info: Redefining \setlength on input line 80.
LaTeX Info: Redefining \addtolength on input line 81.
\calc@Ccount=\count268
\calc@Cskip=\skip124
) (/usr/share/texmf-dist/tex/latex/xcolor/xcolor.sty
Package: xcolor 2016/05/11 v2.12 LaTeX color extensions (UK)
 (/usr/share/texmf-dist/tex/latex/graphics-cfg/color.cfg
File: color.cfg 2016/01/02 v1.6 sample color configuration
)
Package xcolor Info: Driver file: pdftex.def on input line 225.
 (/usr/share/texmf-dist/tex/latex/colortbl/colortbl.sty
Package: colortbl 2020/01/04 v1.0e Color table columns (DPC)
\everycr=\toks20
\minrowclearance=\skip125
)
LaTeX Info: Redefining \color on input line 709.
\rownum=\count269
Package xcolor Info: Model `cmy' substituted by `cmy0' on input line 1348.
Package xcolor Info: Model `hsb' substituted by `rgb' on input line 1352.
Package xcolor Info: Model `RGB' extended on input line 1364.
Package xcolor Info: Model `HTML' substituted by `rgb' on input line 1366.
Package xcolor Info: Model `Hsb' substituted by `hsb' on input line 1367.
Package xcolor Info: Model `tHsb' substituted by `hsb' on input line 1368.
Package xcolor Info: Model `HSB' substituted by `hsb' on input line 1369.
Package xcolor Info: Model `Gray' substituted by `gray' on input line 1370.
Package xcolor Info: Model `wave' substituted by `hsb' on input line 1371.
) (/usr/share/texmf-dist/tex/latex/tools/tabularx.sty
Package: tabularx 2020/01/15 v2.11c `tabularx' package (DPC)
\TX@col@width=\dimen156
\TX@old@table=\dimen157
\TX@old@col=\dimen158
\TX@target=\dimen159
\TX@delta=\dimen160
\TX@cols=\count270
\TX@ftn=\toks21
) (/usr/share/texmf-dist/tex/latex/tools/multicol.sty
Package: multicol 2019/12/09 v1.8y multicolumn formatting (FMi)
\c@tracingmulticols=\count271
\mult@box=\box57
\multicol@leftmargin=\dimen161
\c@unbalance=\count272
\c@collectmore=\count273
\doublecol@number=\count274
\multicoltolerance=\count275
\multicolpretolerance=\count276
\full@width=\dimen162
\page@free=\dimen163
\premulticols=\dimen164
\postmulticols=\dimen165
\multicolsep=\skip126
\multicolbaselineskip=\skip127
\partial@page=\box58
\last@line=\box59
\maxbalancingoverflow=\dimen166
\mult@rightbox=\box60
\mult@grightbox=\box61
\mult@gfirstbox=\box62
\mult@firstbox=\box63
\@tempa=\box64
\@tempa=\box65
\@tempa=\box66
\@tempa=\box67
\@tempa=\box68
\@tempa=\box69
\@tempa=\box70
\@tempa=\box71
\@tempa=\box72
\@tempa=\box73
\@tempa=\box74
\@tempa=\box75
\@tempa=\box76
\@tempa=\box77
\@tempa=\box78
\@tempa=\box79
\@tempa=\box80
\@tempa=\box81
\@tempa=\box82
\@tempa=\box83
\@tempa=\box84
\@tempa=\box85
\@tempa=\box86
\@tempa=\box87
\@tempa=\box88
\@tempa=\box89
\@tempa=\box90
\@tempa=\box91
\@tempa=\box92
\@tempa=\box93
\@tempa=\box94
\@tempa=\box95
\@tempa=\box96
\@tempa=\box97
\@tempa=\box98
\@tempa=\box99
\@tempa=\box100
\c@minrows=\count277
\c@columnbadness=\count278
\c@finalcolumnbadness=\count279
\last@try=\dimen167
\multicolovershoot=\dimen168
\multicolundershoot=\dimen169
\mult@nat@firstbox=\box101
\colbreak@box=\box102
\mc@col@check@num=\count280
) (/usr/share/texmf-dist/tex/latex/titlesec/titlesec.sty
Package: titlesec 2019/10/16 v2.13 Sectioning titles
\ttl@box=\box103
\beforetitleunit=\skip128
\aftertitleunit=\skip129
\ttl@plus=\dimen170
\ttl@minus=\dimen171
\ttl@toksa=\toks22
\titlewidth=\dimen172
\titlewidthlast=\dimen173
\titlewidthfirst=\dimen174
) (/usr/share/texmf-dist/tex/latex/cormorantgaramond/CormorantGaramond.sty
Package: CormorantGaramond 2020/04/12 (Bob Tennent and autoinst) Style file for Cormorant Garamond fonts.
 (/usr/share/texmf-dist/tex/generic/iftex/ifxetex.sty
Package: ifxetex 2019/10/25 v0.7 ifxetex legacy package. Use iftex instead.
) (/usr/share/texmf-dist/tex/generic/iftex/ifluatex.sty
Package: ifluatex 2019/10/25 v1.5 ifluatex legacy package. Use iftex instead.
) (/usr/share/texmf-dist/tex/latex/xkeyval/xkeyval.sty
Package: xkeyval 2014/12/03 v2.7a package option processing (HA)
 (/usr/share/texmf-dist/tex/generic/xkeyval/xkeyval.tex (/usr/share/texmf-dist/tex/generic/xkeyval/xkvutils.tex
\XKV@toks=\toks23
\XKV@tempa@toks=\toks24
)
\XKV@depth=\count281
File: xkeyval.tex 2014/12/03 v2.7a key=value parser (HA)
)) (/usr/share/texmf-dist/tex/latex/base/textcomp.sty
Package: textcomp 2020/02/02 v2.0n Standard LaTeX package
) (/usr/share/texmf-dist/tex/latex/base/fontenc.sty
Package: fontenc 2020/02/11 v2.0o Standard LaTeX package
) (/usr/share/texmf-dist/tex/latex/fontaxes/fontaxes.sty
Package: fontaxes 2014/03/23 v1.0d Font selection axes
LaTeX Info: Redefining \upshape on input line 29.
LaTeX Info: Redefining \itshape on input line 31.
LaTeX Info: Redefining \slshape on input line 33.
LaTeX Info: Redefining \swshape on input line 35.
LaTeX Info: Redefining \scshape on input line 37.
LaTeX Info: Redefining \sscshape on input line 39.
LaTeX Info: Redefining \ulcshape on input line 41.
LaTeX Info: Redefining \textsw on input line 47.
LaTeX Info: Redefining \textssc on input line 48.
LaTeX Info: Redefining \textulc on input line 49.
)
LaTeX Info: Redefining \oldstylenums on input line 133.
) (/usr/share/texmf-dist/tex/latex/epigraph/epigraph.sty
Package: epigraph 2020/01/02 v1.5e typesetting epigraphs
 (/usr/share/texmf-dist/tex/latex/nextpage/nextpage.sty
Package: nextpage 2009/09/03 v1.1a additional page commands
)
\beforeepigraphskip=\skip130
\afterepigraphskip=\skip131
\epigraphwidth=\skip132
\epigraphrule=\skip133
) (/usr/share/texmf-dist/tex/latex/lettrine/lettrine.sty
File: lettrine.sty 2020-03-14 v2.23 (Daniel Flipo)
 (/usr/share/texmf-dist/tex/generic/minifp/minifp.sty
Package: minifp 2013/12/30 v0.96. Macros for real number operations and a stack-based programing language.
\MFP@loopctr=\count282
)
\c@DefaultLines=\count283
\c@DefaultDepth=\count284
\DefaultFindent=\dimen175
\DefaultNindent=\dimen176
\DefaultSlope=\dimen177
\DiscardVskip=\dimen178
\L@lbox=\box104
\L@tbox=\box105
\c@L@lines=\count285
\c@L@depth=\count286
\L@Pindent=\dimen179
\L@Findent=\dimen180
\L@Nindent=\dimen181
\L@lraise=\dimen182
\L@first=\dimen183
\L@next=\dimen184
\L@slope=\dimen185
\L@height=\dimen186
\L@novskip=\dimen187
\L@target@ht=\dimen188
\L@target@dp=\dimen189
\L@target@tht=\dimen190
\LettrineWidth=\dimen191
\LettrineHeight=\dimen192
\LettrineDepth=\dimen193
\Llist@everypar=\toks25

Loading lettrine.cfg
(/usr/share/texmf-dist/tex/latex/lettrine/lettrine.cfg)) (/usr/share/texmf-dist/tex/latex/geometry/geometry.sty
Package: geometry 2020/01/02 v5.9 Page Geometry
 (/usr/share/texmf-dist/tex/generic/iftex/ifvtex.sty
Package: ifvtex 2019/10/25 v1.7 ifvtex legacy package. Use iftex instead.
)
\Gm@cnth=\count287
\Gm@cntv=\count288
\c@Gm@tempcnt=\count289
\Gm@bindingoffset=\dimen194
\Gm@wd@mp=\dimen195
\Gm@odd@mp=\dimen196
\Gm@even@mp=\dimen197
\Gm@layoutwidth=\dimen198
\Gm@layoutheight=\dimen199
\Gm@layouthoffset=\dimen256
\Gm@layoutvoffset=\dimen257
\Gm@dimlist=\toks26
) (/usr/share/texmf-dist/tex/latex/fancyhdr/fancyhdr.sty
Package: fancyhdr 2019/01/31 v3.10 Extensive control of page headers and footers
\f@nch@headwidth=\skip134
\f@nch@O@elh=\skip135
\f@nch@O@erh=\skip136
\f@nch@O@olh=\skip137
\f@nch@O@orh=\skip138
\f@nch@O@elf=\skip139
\f@nch@O@erf=\skip140
\f@nch@O@olf=\skip141
\f@nch@O@orf=\skip142
) (/usr/share/texmf-dist/tex/latex/koma-script/tocbasic.sty
Package: tocbasic 2020/04/19 v3.30 KOMA-Script package (handling toc-files)
 (/usr/share/texmf-dist/tex/latex/koma-script/scrbase.sty
Package: scrbase 2020/04/19 v3.30 KOMA-Script package (KOMA-Script-independent basics and keyval usage)
 (/usr/share/texmf-dist/tex/latex/koma-script/scrlfile.sty
Package: scrlfile 2020/04/19 v3.30 KOMA-Script package (loading files)
))
\scr@dte@tocline@numberwidth=\skip143
\scr@dte@tocline@numbox=\box106
)
\scr@dte@chapter@maxnumwidth=\skip144
 Excluding comment 'en' Include comment 'ru' (./eng.aux
LaTeX Font Info:    Trying to load font information for T2A+cmr on input line 5.
 (/usr/share/texmf-dist/tex/latex/cyrillic/t2acmr.fd
File: t2acmr.fd 2001/08/11 v1.0a Computer Modern Cyrillic font definitions
))
LaTeX Font Info:    Checking defaults for OML/cmm/m/it on input line 117.
LaTeX Font Info:    ... okay on input line 117.
LaTeX Font Info:    Checking defaults for OMS/cmsy/m/n on input line 117.
LaTeX Font Info:    ... okay on input line 117.
LaTeX Font Info:    Checking defaults for OT1/cmr/m/n on input line 117.
LaTeX Font Info:    ... okay on input line 117.
LaTeX Font Info:    Checking defaults for T1/cmr/m/n on input line 117.
LaTeX Font Info:    ... okay on input line 117.
LaTeX Font Info:    Checking defaults for TS1/cmr/m/n on input line 117.
LaTeX Font Info:    ... okay on input line 117.
LaTeX Font Info:    Checking defaults for OMX/cmex/m/n on input line 117.
LaTeX Font Info:    ... okay on input line 117.
LaTeX Font Info:    Checking defaults for U/cmr/m/n on input line 117.
LaTeX Font Info:    ... okay on input line 117.
LaTeX Font Info:    Checking defaults for T2A/cmr/m/n on input line 117.
LaTeX Font Info:    ... okay on input line 117.
LaTeX Font Info:    Trying to load font information for OT1+CormorantGaramond-LF on input line 117.
 (/usr/share/texmf-dist/tex/latex/cormorantgaramond/OT1CormorantGaramond-LF.fd
File: OT1CormorantGaramond-LF.fd 2019/12/11 (autoinst) Font definitions for OT1/CormorantGaramond-LF.
)
LaTeX Font Info:    Font shape `OT1/CormorantGaramond-LF/m/n' aliased to
(Font)              `OT1/CormorantGaramond-LF/regular/n' on input line 117.
LaTeX Font Info:    Font shape `OT1/CormorantGaramond-LF/regular/n' will be
(Font)              scaled to size 10.95pt on input line 117.
LaTeX Font Info:    Trying to load font information for T2A+CormorantGaramond-LF on input line 117.
 (/usr/share/texmf-dist/tex/latex/cormorantgaramond/T2ACormorantGaramond-LF.fd
File: T2ACormorantGaramond-LF.fd 2019/12/11 (autoinst) Font definitions for T2A/CormorantGaramond-LF.
)
LaTeX Font Info:    Font shape `T2A/CormorantGaramond-LF/m/n' aliased to
(Font)              `T2A/CormorantGaramond-LF/regular/n' on input line 117.
LaTeX Font Info:    Font shape `T2A/CormorantGaramond-LF/regular/n' will be
(Font)              scaled to size 10.95pt on input line 117.
\AtBeginShipoutBox=\box107
 (/usr/share/texmf-dist/tex/context/base/mkii/supp-pdf.mkii
[Loading MPS to PDF converter (version 2006.09.02).]
\scratchcounter=\count290
\scratchdimen=\dimen258
\scratchbox=\box108
\nofMPsegments=\count291
\nofMParguments=\count292
\everyMPshowfont=\toks27
\MPscratchCnt=\count293
\MPscratchDim=\dimen259
\MPnumerator=\count294
\makeMPintoPDFobject=\count295
\everyMPtoPDFconversion=\toks28
) (/usr/share/texmf-dist/tex/latex/epstopdf-pkg/epstopdf-base.sty
Package: epstopdf-base 2020-01-24 v2.11 Base part for package epstopdf
Package epstopdf-base Info: Redefining graphics rule for `.eps' on input line 485.
 (/usr/share/texmf-dist/tex/latex/latexconfig/epstopdf-sys.cfg
File: epstopdf-sys.cfg 2010/07/13 v1.3 Configuration of (r)epstopdf for TeX Live
))
\c@mv@tabular=\count296
\c@mv@boldtabular=\count297

*geometry* driver: auto-detecting
*geometry* detected driver: pdftex
*geometry* verbose mode - [ preamble ] result:
* driver: pdftex
* paper: a5paper
* layout: <same size as paper>
* layoutoffset:(h,v)=(0.0pt,0.0pt)
* modes: twoside 
* h-part:(L,W,R)=(43.36243pt, 334.37593pt, 43.36243pt)
* v-part:(T,H,B)=(43.36243pt, 503.55667pt, 50.58878pt)
* \paperwidth=421.10078pt
* \paperheight=597.50787pt
* \textwidth=334.37593pt
* \textheight=503.55667pt
* \oddsidemargin=-28.90756pt
* \evensidemargin=-28.90756pt
* \topmargin=-60.78136pt
* \headheight=12.0pt
* \headsep=19.8738pt
* \topskip=11.0pt
* \footskip=27.46295pt
* \marginparwidth=51.0pt
* \marginparsep=7.0pt
* \columnsep=10.0pt
* \skip\footins=10.0pt plus 4.0pt minus 2.0pt
* \hoffset=0.0pt
* \voffset=0.0pt
* \mag=1000
* \@twocolumnfalse
* \@twosidetrue
* \@mparswitchtrue
* \@reversemarginfalse
* (1in=72.27pt=25.4mm, 1cm=28.453pt)

LaTeX Font Info:    Font shape `T2A/CormorantGaramond-LF/m/n' aliased to
(Font)              `T2A/CormorantGaramond-LF/regular/n' on input line 118.
LaTeX Font Info:    Font shape `T2A/CormorantGaramond-LF/regular/n' will be
(Font)              scaled to size 17.28pt on input line 118.
LaTeX Font Info:    Font shape `T2A/CormorantGaramond-LF/b/n' aliased to
(Font)              `T2A/CormorantGaramond-LF/bold/n' on input line 118.
LaTeX Font Info:    Font shape `T2A/CormorantGaramond-LF/bold/n' will be
(Font)              scaled to size 17.28pt on input line 118.
LaTeX Font Info:    Font shape `T2A/CormorantGaramond-LF/m/n' aliased to
(Font)              `T2A/CormorantGaramond-LF/regular/n' on input line 118.
LaTeX Font Info:    Font shape `T2A/CormorantGaramond-LF/regular/n' will be
(Font)              scaled to size 12.0pt on input line 118.
LaTeX Font Info:    External font `cmex10' loaded for size
(Font)              <12> on input line 118.
LaTeX Font Info:    External font `cmex10' loaded for size
(Font)              <8> on input line 118.
LaTeX Font Info:    External font `cmex10' loaded for size
(Font)              <6> on input line 118.
[1


{/var/lib/texmf/fonts/map/pdftex/updmap/pdftex.map}]
LaTeX Font Info:    Font shape `T2A/CormorantGaramond-LF/m/n' aliased to
(Font)              `T2A/CormorantGaramond-LF/regular/n' on input line 121.
LaTeX Font Info:    Font shape `T2A/CormorantGaramond-LF/regular/n' will be
(Font)              scaled to size 20.74pt on input line 121.
LaTeX Font Info:    Font shape `T2A/CormorantGaramond-LF/b/n' aliased to
(Font)              `T2A/CormorantGaramond-LF/bold/n' on input line 121.
LaTeX Font Info:    Font shape `T2A/CormorantGaramond-LF/bold/n' will be
(Font)              scaled to size 20.74pt on input line 121.
LaTeX Font Info:    Font shape `T2A/CormorantGaramond-LF/b/sc' aliased to
(Font)              `T2A/CormorantGaramond-LF/bold/sc' on input line 121.
LaTeX Font Info:    Font shape `T2A/CormorantGaramond-LF/bold/sc' will be
(Font)              scaled to size 20.74pt on input line 121.
 (./eng.toc
Package tocbasic Info: Using my definition of `\numberline' on input line 2.
LaTeX Font Info:    Font shape `T2A/CormorantGaramond-LF/b/n' aliased to
(Font)              `T2A/CormorantGaramond-LF/bold/n' on input line 2.
LaTeX Font Info:    Font shape `T2A/CormorantGaramond-LF/bold/n' will be
(Font)              scaled to size 10.95pt on input line 2.
LaTeX Font Info:    External font `cmex10' loaded for size
(Font)              <10.95> on input line 2.
Package tocbasic Info: Using my definition of `\numberline' on input line 5.
Package tocbasic Info: Using my definition of `\numberline' on input line 12.
Package tocbasic Info: Using my definition of `\numberline' on input line 20.
Package tocbasic Info: Using my definition of `\numberline' on input line 21.
Package tocbasic Info: Using my definition of `\numberline' on input line 41.
Package tocbasic Info: Using my definition of `\numberline' on input line 42.
)
\tf@toc=\write4
 [2]
{\cyrillictext \CYRG \cyrl \cyra \cyrv \cyra } 1.
Excluding 'en' comment. Including 'ru' comment. Straight input of comment.cut. (./comment.cut
LaTeX Font Info:    Font shape `T2A/CormorantGaramond-LF/m/n' aliased to
(Font)              `T2A/CormorantGaramond-LF/regular/n' on input line 1.
LaTeX Font Info:    Font shape `T2A/CormorantGaramond-LF/regular/n' will be
(Font)              scaled to size 10.0pt on input line 1.
LaTeX Font Info:    Font shape `T2A/CormorantGaramond-LF/m/it' aliased to
(Font)              `T2A/CormorantGaramond-LF/regular/it' on input line 1.
LaTeX Font Info:    Font shape `T2A/CormorantGaramond-LF/regular/it' will be
(Font)              scaled to size 10.0pt on input line 1.
LaTeX Font Info:    External font `cmex10' loaded for size
(Font)              <7> on input line 1.
LaTeX Font Info:    External font `cmex10' loaded for size
(Font)              <5> on input line 1.
LaTeX Font Info:    Font shape `T2A/CormorantGaramond-LF/m/sc' aliased to
(Font)              `T2A/CormorantGaramond-LF/regular/sc' on input line 3.
LaTeX Font Info:    Font shape `T2A/CormorantGaramond-LF/regular/sc' will be
(Font)              scaled to size 10.95pt on input line 3.
LaTeX Font Info:    Font shape `T2A/CormorantGaramond-LF/m/n' aliased to
(Font)              `T2A/CormorantGaramond-LF/regular/n' on input line 3.
LaTeX Font Info:    Font shape `T2A/CormorantGaramond-LF/regular/n' will be
(Font)              scaled to size 18.88338pt on input line 3.
LaTeX Font Info:    Font shape `T2A/CormorantGaramond-LF/m/n' aliased to
(Font)              `T2A/CormorantGaramond-LF/regular/n' on input line 3.
LaTeX Font Info:    Font shape `T2A/CormorantGaramond-LF/regular/n' will be
(Font)              scaled to size 29.48222pt on input line 3.
Package lettrine.sty Info: Targeted height = 18.88338pt
(lettrine.sty)             (for loversize=0, accent excluded),
(lettrine.sty)             Lettrine height = 18.88336pt (E);
(lettrine.sty)             reported on input line 3.
)
LaTeX Font Info:    Font shape `T2A/CormorantGaramond-LF/b/n' aliased to
(Font)              `T2A/CormorantGaramond-LF/bold/n' on input line 148.
LaTeX Font Info:    Font shape `T2A/CormorantGaramond-LF/bold/n' will be
(Font)              scaled to size 12.0pt on input line 148.
LaTeX Font Info:    Font shape `T2A/CormorantGaramond-LF/b/sc' aliased to
(Font)              `T2A/CormorantGaramond-LF/bold/sc' on input line 148.
LaTeX Font Info:    Font shape `T2A/CormorantGaramond-LF/bold/sc' will be
(Font)              scaled to size 12.0pt on input line 148.
LaTeX Font Info:    Font shape `T2A/CormorantGaramond-LF/b/sc' aliased to
(Font)              `T2A/CormorantGaramond-LF/bold/sc' on input line 148.
LaTeX Font Info:    Font shape `T2A/CormorantGaramond-LF/bold/sc' will be
(Font)              scaled to size 14.4pt on input line 148.
 Including 'ru' comment. Straight input of comment.cut. (./comment.cut) Excluding 'en' comment. Including 'ru' comment. Straight input of comment.cut. (./comment.cut) Excluding 'en' comment. [3]
{\cyrillictext \CYRG \cyrl \cyra \cyrv \cyra } 2.
Including 'ru' comment. Straight input of comment.cut. (./comment.cut
Package lettrine.sty Info: Targeted height = 18.88338pt
(lettrine.sty)             (for loversize=0, accent excluded),
(lettrine.sty)             Lettrine height = 18.88336pt (Рќ);
(lettrine.sty)             reported on input line 1.
) Including 'ru' comment. Straight input of comment.cut. (./comment.cut) Excluding 'en' comment. Including 'ru' comment. Straight input of comment.cut. (./comment.cut) Excluding 'en' comment. Including 'ru' comment. Straight input of comment.cut. (./comment.cut)
Underfull \hbox (badness 10000) in paragraph at lines 3--234
[]\T2A/CormorantGaramond-LF/regular/n/10.95 Ростом чуть ни-же че-ло-ве-ка.
 []

Excluding 'en' comment. Including 'ru' comment. Straight input of comment.cut. (./comment.cut) Excluding 'en' comment. Including 'ru' comment. Straight input of comment.cut. (./comment.cut) Excluding 'en' comment. Including 'ru' comment. Straight input of comment.cut. (./comment.cut [4]) Excluding 'en' comment.
{\cyrillictext \CYRG \cyrl \cyra \cyrv \cyra } 3.
Including 'ru' comment. Straight input of comment.cut. (./comment.cut
Package lettrine.sty Info: Targeted height = 18.88338pt
(lettrine.sty)             (for loversize=0, accent excluded),
(lettrine.sty)             Lettrine height = 18.88336pt (Рљ);
(lettrine.sty)             reported on input line 1.
) Excluding 'en' comment. Including 'ru' comment. Straight input of comment.cut. (./comment.cut) Excluding 'en' comment. Including 'ru' comment. Straight input of comment.cut. (./comment.cut) Excluding 'en' comment. Including 'ru' comment. Straight input of comment.cut. (./comment.cut) Excluding 'en' comment. Including 'ru' comment. Straight input of comment.cut. (./comment.cut) Excluding 'en' comment. Including 'ru' comment. Straight input of comment.cut. (./comment.cut) Excluding 'en' comment. Including 'ru' comment. Straight input of comment.cut. (./comment.cut) [5] Excluding 'en' comment. Including 'ru' comment. Straight input of comment.cut. (./comment.cut) Excluding 'en' comment.
{\cyrillictext \CYRG \cyrl \cyra \cyrv \cyra } 4.

Overfull \hbox (3.41638pt too wide) in paragraph at lines 362--416
  [] 
 []

Including 'ru' comment. Straight input of comment.cut. (./comment.cut) Excluding 'en' comment. [6]
{\cyrillictext \CYRG \cyrl \cyra \cyrv \cyra } 5.
Excluding 'en' comment. Including 'ru' comment. Straight input of comment.cut. (./comment.cut
Package lettrine.sty Info: Targeted height = 18.88338pt
(lettrine.sty)             (for loversize=0, accent excluded),
(lettrine.sty)             Lettrine height = 18.88336pt (Р‘);
(lettrine.sty)             reported on input line 1.

Underfull \hbox (badness 10000) in paragraph at lines 1--2
[][] \T2A/CormorantGaramond-LF/regular/n/10.95 обо-зна-ча-ют-ся
 []

) Excluding 'en' comment. Including 'ru' comment. Straight input of comment.cut. (./comment.cut) Excluding 'en' comment. Including 'ru' comment. Straight input of comment.cut. (./comment.cut) Excluding 'en' comment. Including 'ru' comment. Straight input of comment.cut. (./comment.cut) Excluding 'en' comment. Including 'ru' comment. Straight input of comment.cut. (./comment.cut) Excluding 'en' comment. Including 'ru' comment. Straight input of comment.cut. (./comment.cut)
Overfull \hbox (1.70819pt too wide) in paragraph at lines 514--529
 []
 []

Excluding 'en' comment. Including 'ru' comment. Straight input of comment.cut. (./comment.cut) Excluding 'en' comment. Including 'ru' comment. Straight input of comment.cut. (./comment.cut)
LaTeX Font Info:    Trying to load font information for TS1+CormorantGaramond-LF on input line 546.
 (/usr/share/texmf-dist/tex/latex/cormorantgaramond/TS1CormorantGaramond-LF.fd
File: TS1CormorantGaramond-LF.fd 2019/12/11 (autoinst) Font definitions for TS1/CormorantGaramond-LF.
)
LaTeX Font Info:    Font shape `TS1/CormorantGaramond-LF/b/n' aliased to
(Font)              `TS1/CormorantGaramond-LF/bold/n' on input line 546.
LaTeX Font Info:    Font shape `TS1/CormorantGaramond-LF/bold/n' will be
(Font)              scaled to size 10.95pt on input line 546.

Underfull \hbox (badness 10000) in paragraph at lines 1--547
\T2A/CormorantGaramond-LF/regular/n/10.95 Максимальный за-пас здо-ро-вья
 []

Excluding 'en' comment. Including 'ru' comment. Straight input of comment.cut. (./comment.cut
Underfull \hbox (badness 10000) in paragraph at lines 1--2
\T2A/CormorantGaramond-LF/regular/n/10.95 Модифаеры ис-поль-зу-ют-ся что-бы
 []


Underfull \hbox (badness 5274) in paragraph at lines 1--2
\T2A/CormorantGaramond-LF/regular/n/10.95 пло-хо пер-со-наж вла-де-ет тем или
 []

[7])
Overfull \hbox (1.70819pt too wide) in paragraph at lines 563--575
 [] 
 []

Excluding 'en' comment. Including 'ru' comment. Straight input of comment.cut. (./comment.cut) Excluding 'en' comment. Including 'ru' comment. Straight input of comment.cut. (./comment.cut) Excluding 'en' comment. Including 'ru' comment. Straight input of comment.cut. (./comment.cut) Excluding 'en' comment. Including 'ru' comment. Straight input of comment.cut. (./comment.cut) Excluding 'en' comment. Including 'ru' comment. Straight input of comment.cut. (./comment.cut) Excluding 'en' comment. Including 'ru' comment. Straight input of comment.cut. (./comment.cut) Excluding 'en' comment. Including 'ru' comment. Straight input of comment.cut. (./comment.cut
Underfull \hbox (badness 10000) in paragraph at lines 1--2
\T2A/CormorantGaramond-LF/regular/n/10.95 Игроки мо-гу вза-и-мо-дей-ство-вать
 []

[8]) Excluding 'en' comment. Including 'ru' comment. Straight input of comment.cut. (./comment.cut) Excluding 'en' comment. Including 'ru' comment. Straight input of comment.cut. (./comment.cut) Excluding 'en' comment. Including 'ru' comment. Straight input of comment.cut. (./comment.cut) Excluding 'en' comment. Including 'ru' comment. Straight input of comment.cut. (./comment.cut) Excluding 'en' comment. Including 'ru' comment. Straight input of comment.cut. (./comment.cut) [9]
{\cyrillictext \CYRG \cyrl \cyra \cyrv \cyra } 6.

Underfull \hbox (badness 10000) in alignment at lines 736--773
[] [] [] []
 []

Including 'ru' comment. Straight input of comment.cut. (./comment.cut) Excluding 'en' comment. [10]
Overfull \hbox (3.41638pt too wide) in paragraph at lines 789--843
  [] 
 []


Overfull \hbox (3.41638pt too wide) in paragraph at lines 846--900
  [] 
 []

[11]
{\cyrillictext \CYRG \cyrl \cyra \cyrv \cyra } 7.

Underfull \hbox (badness 10000) in paragraph at lines 909--910
\T2A/CormorantGaramond-LF/regular/n/10.95 became known for its incredibly
 []


Underfull \hbox (badness 10000) in paragraph at lines 912--913
\T2A/CormorantGaramond-LF/regular/n/10.95 Empty tavern in the middle of
 []

[12]
Underfull \hbox (badness 7451) in paragraph at lines 982--983
[]\T2A/CormorantGaramond-LF/regular/it/10.95 Приветствую, доб-рые пут-ни-ки.
 []


Underfull \hbox (badness 10000) in paragraph at lines 999--1000
[]\T2A/CormorantGaramond-LF/regular/it/10.95 Картина пе-ред ва-ми скром-ная:
 []

[13] [14]
<1.jpg, id=53, 1307.88625pt x 2168.1pt>
File: 1.jpg Graphic file (type jpg)
<use 1.jpg>
Package pdftex.def Info: 1.jpg  used on input line 1076.
(pdftex.def)             Requested size: 167.18796pt x 277.1321pt.

Overfull \hbox (5.0pt too wide) in paragraph at lines 1076--1077
[] 
 []


Underfull \hbox (badness 10000) in paragraph at lines 1079--1080
\T2A/CormorantGaramond-LF/regular/n/10.95 лаг-ми-ты/сталагтиты Впе-ре-
 []

[15 <./1.jpg>]
<2.jpg, id=57, 1225.57875pt x 2168.1pt>
File: 2.jpg Graphic file (type jpg)
<use 2.jpg>
Package pdftex.def Info: 2.jpg  used on input line 1086.
(pdftex.def)             Requested size: 167.18796pt x 295.75754pt.

Overfull \hbox (5.0pt too wide) in paragraph at lines 1086--1087
[] 
 []


Underfull \hbox (badness 7064) in paragraph at lines 1093--1095
[] \T2A/CormorantGaramond-LF/regular/it/10.95 Оста-вил их на слу-чай ес-
 []


Underfull \hbox (badness 10000) in paragraph at lines 1093--1095
\T2A/CormorantGaramond-LF/regular/it/10.95 ли ты опять ("как при-ду-
 []

[16 <./2.jpg>]
<3.jpg, id=61, 2168.1pt x 2168.1pt>
File: 3.jpg Graphic file (type jpg)
<use 3.jpg>
Package pdftex.def Info: 3.jpg  used on input line 1111.
(pdftex.def)             Requested size: 167.18796pt x 167.16586pt.

Overfull \hbox (5.0pt too wide) in paragraph at lines 1111--1112
[] 
 []


Underfull \hbox (badness 8170) in paragraph at lines 1114--1115
[]\T2A/CormorantGaramond-LF/regular/n/10.95 Круглая ком-на-та, по бо-кам
 []


Underfull \hbox (badness 6775) in paragraph at lines 1117--1118
\T2A/CormorantGaramond-LF/regular/n/10.95 лон-ны, меж них гор-ки ко-
 []


Underfull \hbox (badness 5924) in paragraph at lines 1117--1118
\T2A/CormorantGaramond-LF/regular/n/10.95 стей. На стене раз-ма-зан-ная
 []


Underfull \hbox (badness 10000) in paragraph at lines 1118--1119
\T2A/CormorantGaramond-LF/regular/n/10.95 этой сто-ро-ны. По-се-ре-дине
 []

[17 <./3.jpg>]
<4.jpg, id=65, 1940.24875pt x 2168.1pt>
File: 4.jpg Graphic file (type jpg)
<use 4.jpg>
Package pdftex.def Info: 4.jpg  used on input line 1124.
(pdftex.def)             Requested size: 167.18796pt x 186.81688pt.

Overfull \hbox (5.0pt too wide) in paragraph at lines 1124--1125
[] 
 []


Underfull \hbox (badness 6396) in paragraph at lines 1127--1128
\T2A/CormorantGaramond-LF/regular/n/10.95 На дру-гой сто-роне лест-ни-
 []


Underfull \hbox (badness 5288) in paragraph at lines 1127--1128
\T2A/CormorantGaramond-LF/regular/n/10.95 сто-ле круж-ка лит-ра так на
 []


Underfull \hbox (badness 6808) in paragraph at lines 1128--1129
[]\T2A/CormorantGaramond-LF/regular/n/10.95 Проходит ри-ту-ал. Весь пол
 []


Underfull \hbox (badness 5231) in paragraph at lines 1128--1129
\T2A/CormorantGaramond-LF/regular/n/10.95 тем-ных фи-гур сто-ят во-круг
 []


Underfull \hbox (badness 10000) in paragraph at lines 1130--1131
\T2A/CormorantGaramond-LF/regular/n/10.95 бы-ло бес-по-ря-доч-но ски-ну-то
 []

[18 <./4.jpg>]
<5.jpg, id=69, 2384.91pt x 2168.1pt>
File: 5.jpg Graphic file (type jpg)
<use 5.jpg>
Package pdftex.def Info: 5.jpg  used on input line 1138.
(pdftex.def)             Requested size: 167.18796pt x 151.981pt.

Overfull \hbox (5.0pt too wide) in paragraph at lines 1138--1139
[] 
 []


Underfull \hbox (badness 6995) in paragraph at lines 1148--1149
\T2A/CormorantGaramond-LF/regular/n/10.95 не вид-но. по ком-на-те рас-
 []


Underfull \hbox (badness 6641) in paragraph at lines 1148--1149
\T2A/CormorantGaramond-LF/regular/n/10.95 став-ле-ны све-чи и об-ра-зу-ют
 []


Underfull \hbox (badness 6047) in paragraph at lines 1149--1150
[]\T2A/CormorantGaramond-LF/regular/n/10.95 Раздается скре-жет, а по-том
 []


Underfull \hbox (badness 7186) in paragraph at lines 1149--1150
\T2A/CormorantGaramond-LF/regular/n/10.95 мень упа-ло что-то тя-же-лое.
 []


Underfull \hbox (badness 10000) in paragraph at lines 1149--1150
\T2A/CormorantGaramond-LF/regular/n/10.95 Огром-ный ске-лет по-яв-ля-ет-
 []

[19 <./5.jpg>]
Underfull \hbox (badness 10000) in paragraph at lines 1167--1168
\T2A/CormorantGaramond-LF/regular/n/10.95 weak skeletons filled with
 []

[20] (./eng.aux) ) 
Here is how much of TeX's memory you used:
 8564 strings out of 480478
 137835 string characters out of 5905958
 477270 words of memory out of 5000000
 24308 multiletter control sequences out of 15000+600000
 653256 words of font info for 62 fonts, out of 8000000 for 9000
 1141 hyphenation exceptions out of 8191
 44i,11n,70p,826b,548s stack positions out of 5000i,500n,10000p,200000b,80000s
{/usr/share/texmf-dist/fonts/enc/dvips/cormorantgaramond/cgrm_v7t4yx.enc}{/usr/share/texmf-dist/fonts/enc/dvips/cormorantgaramond/cgrm_czjvuz.enc}{/usr/share/texmf-dist/fonts/enc/dvips/cormorantgaramond/cgrm_726bjo.enc}{/usr/share/texmf-dist/fonts/enc/dvips/cormorantgaramond/cgrm_l5f566.enc}</usr/share/texmf-dist/fonts/type1/catharsis/cormorantgaramond/CormorantGaramond-Bold.pfb></usr/share/texmf-dist/fonts/type1/catharsis/cormorantgaramond/CormorantGaramond-Italic.pfb></usr/share/texmf-dist/fonts/type1/catharsis/cormorantgaramond/CormorantGaramond-Regular.pfb>
Output written on eng.pdf (20 pages, 3273199 bytes).
PDF statistics:
 96 PDF objects out of 1000 (max. 8388607)
 65 compressed objects within 1 object stream
 0 named destinations out of 1000 (max. 500000)
 26 words of extra memory for PDF output out of 10000 (max. 10000000)

